[38;21m2025-09-08 10:03:51,669:: PL :: INFO :: ========== Starting Router Monitor Kiosk App ========== [main.py:78][0m
[38;21m2025-09-08 10:04:07,564:: PL :: INFO :: ========== Starting Router Monitor Kiosk App ========== [main.py:78][0m
[38;21m2025-09-08 10:04:08,063:: PL :: INFO :: Control initialized successfully [overview.py:20][0m
[38;21m2025-09-08 10:04:08,066:: PL :: INFO :: Added overview screen to stack widget [main.py:51][0m
[38;21m2025-09-08 10:04:08,066:: PL :: INFO :: Switched to overview screen [main.py:62][0m
[38;21m2025-09-08 10:04:45,760:: PL :: INFO :: ========== Starting Router Monitor Kiosk App ========== [main.py:78][0m
[38;21m2025-09-08 10:04:45,793:: PL :: INFO :: Control initialized successfully [overview.py:20][0m
[38;21m2025-09-08 10:04:45,806:: PL :: INFO :: Added overview screen to stack widget [main.py:51][0m
[38;21m2025-09-08 10:04:45,806:: PL :: INFO :: Switched to overview screen [main.py:62][0m
[38;21m2025-09-08 10:06:13,297:: PL :: INFO :: ========== Starting Router Monitor Kiosk App ========== [main.py:78][0m
[38;21m2025-09-08 10:06:13,327:: PL :: INFO :: Control initialized successfully [overview.py:20][0m
[38;21m2025-09-08 10:06:13,330:: PL :: INFO :: Added overview screen to stack widget [main.py:51][0m
[38;21m2025-09-08 10:06:13,330:: PL :: INFO :: Switched to overview screen [main.py:62][0m
[38;21m2025-09-08 10:07:47,717:: PL :: INFO :: ========== Starting Router Monitor Kiosk App ========== [main.py:78][0m
[38;21m2025-09-08 10:07:47,749:: PL :: INFO :: Control initialized successfully [overview.py:20][0m
[38;21m2025-09-08 10:07:47,752:: PL :: INFO :: Added overview screen to stack widget [main.py:51][0m
[38;21m2025-09-08 10:07:47,752:: PL :: INFO :: Switched to overview screen [main.py:62][0m
[38;21m2025-09-08 10:08:50,100:: PL :: INFO :: ========== Starting Router Monitor Kiosk App ========== [main.py:78][0m
[31;21m2025-09-08 10:08:50,135:: PL :: ERROR :: !!!! Crashed! Exctype: <class 'NameError'>, Value: name 'Ui_RouterMonitor' is not defined
Traceback:
   File "E:\2_SamIssa\RFID\NexusRFID_Scan\NexusRFIDReader_Git\main.py", line 90, in <module>
    rm_form = RouterMonitorApp()
              ^^^^^^^^^^^^^^^^^^
,  File "E:\2_SamIssa\RFID\NexusRFID_Scan\NexusRFIDReader_Git\main.py", line 30, in __init__
    self.ui = Ui_RouterMonitor()
              ^^^^^^^^^^^^^^^^
 [main.py:70][0m
[38;21m2025-09-08 10:09:28,031:: PL :: INFO :: ========== Starting Router Monitor Kiosk App ========== [main.py:78][0m
[31;21m2025-09-08 10:09:28,045:: PL :: ERROR :: !!!! Crashed! Exctype: <class 'NameError'>, Value: name 'RouterMonitorApp' is not defined
Traceback:
   File "E:\2_SamIssa\RFID\NexusRFID_Scan\NexusRFIDReader_Git\main.py", line 87, in <module>
    cur_exit_code = RouterMonitorApp.EXIT_CODE_CRASH
                    ^^^^^^^^^^^^^^^^
 [main.py:70][0m
[38;21m2025-09-08 10:09:50,081:: PL :: INFO :: ========== Starting Router Monitor Kiosk App ========== [main.py:78][0m
[31;21m2025-09-08 10:09:50,095:: PL :: ERROR :: !!!! Crashed! Exctype: <class 'NameError'>, Value: name 'RouterMonitorApp' is not defined
Traceback:
   File "E:\2_SamIssa\RFID\NexusRFID_Scan\NexusRFIDReader_Git\main.py", line 87, in <module>
    cur_exit_code = RouterMonitorApp.EXIT_CODE_CRASH
                    ^^^^^^^^^^^^^^^^
 [main.py:70][0m
[38;21m2025-09-08 10:10:36,307:: PL :: INFO :: ========== Starting Router Monitor Kiosk App ========== [main.py:78][0m
[38;21m2025-09-08 10:10:36,339:: PL :: INFO :: Control initialized successfully [overview.py:20][0m
[38;21m2025-09-08 10:10:36,342:: PL :: INFO :: Added overview screen to stack widget [main.py:51][0m
[38;21m2025-09-08 10:10:36,342:: PL :: INFO :: Switched to overview screen [main.py:62][0m
[38;21m2025-09-08 10:10:52,343:: PL :: INFO :: ========== Starting Router Monitor Kiosk App ========== [main.py:78][0m
[38;21m2025-09-08 10:10:52,374:: PL :: INFO :: Control initialized successfully [overview.py:20][0m
[38;21m2025-09-08 10:10:52,377:: PL :: INFO :: Added overview screen to stack widget [main.py:51][0m
[38;21m2025-09-08 10:10:52,377:: PL :: INFO :: Switched to overview screen [main.py:62][0m
[38;21m2025-09-08 10:11:37,206:: PL :: INFO :: ========== Starting Router Monitor Kiosk App ========== [main.py:78][0m
[38;21m2025-09-08 10:11:37,236:: PL :: INFO :: Control initialized successfully [overview.py:20][0m
[38;21m2025-09-08 10:11:37,239:: PL :: INFO :: Added overview screen to stack widget [main.py:51][0m
[38;21m2025-09-08 10:11:37,239:: PL :: INFO :: Switched to overview screen [main.py:62][0m
[38;21m2025-09-08 10:13:16,600:: PL :: INFO :: ========== Starting Router Monitor Kiosk App ========== [main.py:78][0m
[38;21m2025-09-08 10:13:16,656:: PL :: INFO :: Control initialized successfully [overview.py:20][0m
[38;21m2025-09-08 10:13:16,659:: PL :: INFO :: Added overview screen to stack widget [main.py:51][0m
[38;21m2025-09-08 10:13:16,659:: PL :: INFO :: Switched to overview screen [main.py:62][0m
[38;21m2025-09-08 10:18:50,047:: PL :: INFO :: ========== Starting Router Monitor Kiosk App ========== [main.py:78][0m
[38;21m2025-09-08 10:18:50,089:: PL :: INFO :: Control initialized successfully [overview.py:20][0m
[38;21m2025-09-08 10:18:50,092:: PL :: INFO :: Added overview screen to stack widget [main.py:51][0m
[38;21m2025-09-08 10:18:50,092:: PL :: INFO :: Switched to overview screen [main.py:62][0m
[38;21m2025-09-08 10:21:39,081:: PL :: INFO :: ========== Starting Router Monitor Kiosk App ========== [main.py:78][0m
[38;21m2025-09-08 10:21:39,125:: PL :: INFO :: Control initialized successfully [overview.py:20][0m
[38;21m2025-09-08 10:21:39,129:: PL :: INFO :: Added overview screen to stack widget [main.py:51][0m
[38;21m2025-09-08 10:21:39,129:: PL :: INFO :: Switched to overview screen [main.py:62][0m
[38;21m2025-09-08 10:21:52,776:: PL :: INFO :: ========== Starting Router Monitor Kiosk App ========== [main.py:78][0m
[38;21m2025-09-08 10:21:52,824:: PL :: INFO :: Control initialized successfully [overview.py:20][0m
[38;21m2025-09-08 10:21:52,827:: PL :: INFO :: Added overview screen to stack widget [main.py:51][0m
[38;21m2025-09-08 10:21:52,827:: PL :: INFO :: Switched to overview screen [main.py:62][0m
[38;21m2025-09-08 10:24:13,895:: PL :: INFO :: ========== Starting Router Monitor Kiosk App ========== [main.py:78][0m
[38;21m2025-09-08 10:24:13,938:: PL :: INFO :: Control initialized successfully [overview.py:20][0m
[38;21m2025-09-08 10:24:13,941:: PL :: INFO :: Added overview screen to stack widget [main.py:51][0m
[38;21m2025-09-08 10:24:13,941:: PL :: INFO :: Switched to overview screen [main.py:62][0m
[38;21m2025-09-08 10:26:14,738:: PL :: INFO :: ========== Starting Router Monitor Kiosk App ========== [main.py:78][0m
[38;21m2025-09-08 10:26:14,778:: PL :: INFO :: Control initialized successfully [overview.py:20][0m
[38;21m2025-09-08 10:26:14,781:: PL :: INFO :: Added overview screen to stack widget [main.py:51][0m
[38;21m2025-09-08 10:26:14,781:: PL :: INFO :: Switched to overview screen [main.py:62][0m
[38;21m2025-09-08 10:28:01,696:: PL :: INFO :: ========== Starting Router Monitor Kiosk App ========== [main.py:78][0m
[38;21m2025-09-08 10:28:01,735:: PL :: INFO :: Control initialized successfully [overview.py:20][0m
[38;21m2025-09-08 10:28:01,738:: PL :: INFO :: Added overview screen to stack widget [main.py:51][0m
[38;21m2025-09-08 10:28:01,738:: PL :: INFO :: Switched to overview screen [main.py:62][0m
[31;21m2025-09-08 10:30:10,797:: PL :: ERROR :: !!!! Crashed! Exctype: <class 'KeyboardInterrupt'>, Value: 
Traceback:
   File "E:\2_SamIssa\RFID\NexusRFID_Scan\NexusRFIDReader_Git\main.py", line 92, in <module>
    cur_exit_code = app.exec()
                    ^^^^^^^^^^
 [main.py:70][0m
[38;21m2025-09-08 10:30:11,107:: PL :: INFO :: ========== Starting Router Monitor Kiosk App ========== [main.py:78][0m
[38;21m2025-09-08 10:30:11,148:: PL :: INFO :: Control initialized successfully [overview.py:20][0m
[38;21m2025-09-08 10:30:11,154:: PL :: INFO :: Added overview screen to stack widget [main.py:51][0m
[38;21m2025-09-08 10:30:11,155:: PL :: INFO :: Switched to overview screen [main.py:62][0m
[38;21m2025-09-08 10:31:57,063:: PL :: INFO :: ========== Starting Router Monitor Kiosk App ========== [main.py:78][0m
[38;21m2025-09-08 10:31:57,100:: PL :: INFO :: Control initialized successfully [overview.py:20][0m
[38;21m2025-09-08 10:31:57,104:: PL :: INFO :: Added overview screen to stack widget [main.py:51][0m
[38;21m2025-09-08 10:31:57,104:: PL :: INFO :: Switched to overview screen [main.py:62][0m
[38;21m2025-09-08 10:32:18,913:: PL :: INFO :: ========== Starting Router Monitor Kiosk App ========== [main.py:78][0m
[38;21m2025-09-08 10:32:18,956:: PL :: INFO :: Control initialized successfully [overview.py:20][0m
[38;21m2025-09-08 10:32:18,959:: PL :: INFO :: Added overview screen to stack widget [main.py:51][0m
[38;21m2025-09-08 10:32:18,959:: PL :: INFO :: Switched to overview screen [main.py:62][0m
[38;21m2025-09-08 10:33:21,500:: PL :: INFO :: ========== Starting Router Monitor Kiosk App ========== [main.py:78][0m
[38;21m2025-09-08 10:33:21,538:: PL :: INFO :: Control initialized successfully [overview.py:20][0m
[38;21m2025-09-08 10:33:21,542:: PL :: INFO :: Added overview screen to stack widget [main.py:51][0m
[38;21m2025-09-08 10:33:21,542:: PL :: INFO :: Switched to overview screen [main.py:62][0m
[38;21m2025-09-08 10:34:18,397:: PL :: INFO :: ========== Starting Router Monitor Kiosk App ========== [main.py:78][0m
[38;21m2025-09-08 10:34:18,434:: PL :: INFO :: Control initialized successfully [overview.py:20][0m
[38;21m2025-09-08 10:34:18,438:: PL :: INFO :: Added overview screen to stack widget [main.py:51][0m
[38;21m2025-09-08 10:34:18,438:: PL :: INFO :: Switched to overview screen [main.py:62][0m
[38;21m2025-09-08 13:39:20,100:: PL :: INFO :: ========== Starting Router Monitor Kiosk App ========== [main.py:78][0m
[38;21m2025-09-08 13:39:20,148:: PL :: INFO :: Control initialized successfully [overview.py:20][0m
[38;21m2025-09-08 13:39:20,152:: PL :: INFO :: Added overview screen to stack widget [main.py:51][0m
[38;21m2025-09-08 13:39:20,152:: PL :: INFO :: Switched to overview screen [main.py:62][0m
[38;21m2025-09-08 14:19:46,802:: PL :: INFO :: ========== Starting Router Monitor Kiosk App ========== [main.py:78][0m
[38;21m2025-09-08 14:19:46,854:: PL :: INFO :: Control initialized successfully [overview.py:20][0m
[38;21m2025-09-08 14:19:46,859:: PL :: INFO :: Added overview screen to stack widget [main.py:51][0m
[38;21m2025-09-08 14:19:46,859:: PL :: INFO :: Switched to overview screen [main.py:62][0m
[38;21m2025-09-08 15:48:44,526:: PL :: INFO :: ========== Starting Router Monitor Kiosk App ========== [main.py:78][0m
[38;21m2025-09-08 15:48:44,624:: PL :: INFO :: Control initialized successfully [overview.py:20][0m
[38;21m2025-09-08 15:48:44,629:: PL :: INFO :: Added overview screen to stack widget [main.py:51][0m
[38;21m2025-09-08 15:48:44,629:: PL :: INFO :: Switched to overview screen [main.py:62][0m
[38;21m2025-09-08 15:51:57,512:: PL :: INFO :: ========== Starting Router Monitor Kiosk App ========== [main.py:78][0m
[38;21m2025-09-08 15:51:57,552:: PL :: INFO :: Control initialized successfully [overview.py:20][0m
[38;21m2025-09-08 15:51:57,556:: PL :: INFO :: Added overview screen to stack widget [main.py:51][0m
[38;21m2025-09-08 15:51:57,556:: PL :: INFO :: Switched to overview screen [main.py:62][0m
[38;21m2025-09-08 15:53:22,549:: PL :: INFO :: ========== Starting Router Monitor Kiosk App ========== [main.py:78][0m
[38;21m2025-09-08 15:53:22,587:: PL :: INFO :: Control initialized successfully [overview.py:20][0m
[38;21m2025-09-08 15:53:22,591:: PL :: INFO :: Added overview screen to stack widget [main.py:51][0m
[38;21m2025-09-08 15:53:22,591:: PL :: INFO :: Switched to overview screen [main.py:62][0m
[38;21m2025-09-08 15:53:57,600:: PL :: INFO :: ========== Starting Router Monitor Kiosk App ========== [main.py:78][0m
[38;21m2025-09-08 15:53:57,640:: PL :: INFO :: Control initialized successfully [overview.py:20][0m
[38;21m2025-09-08 15:53:57,644:: PL :: INFO :: Added overview screen to stack widget [main.py:51][0m
[38;21m2025-09-08 15:53:57,644:: PL :: INFO :: Switched to overview screen [main.py:62][0m
[38;21m2025-09-08 15:55:52,262:: PL :: INFO :: ========== Starting Router Monitor Kiosk App ========== [main.py:78][0m
[38;21m2025-09-08 15:55:52,304:: PL :: INFO :: Control initialized successfully [overview.py:20][0m
[38;21m2025-09-08 15:55:52,308:: PL :: INFO :: Added overview screen to stack widget [main.py:51][0m
[38;21m2025-09-08 15:55:52,308:: PL :: INFO :: Switched to overview screen [main.py:62][0m
[38;21m2025-09-08 15:59:34,841:: PL :: INFO :: ========== Starting Router Monitor Kiosk App ========== [main.py:78][0m
[38;21m2025-09-08 15:59:34,881:: PL :: INFO :: Control initialized successfully [overview.py:20][0m
[38;21m2025-09-08 15:59:34,884:: PL :: INFO :: Added overview screen to stack widget [main.py:51][0m
[38;21m2025-09-08 15:59:34,884:: PL :: INFO :: Switched to overview screen [main.py:62][0m
[38;21m2025-09-08 16:07:28,547:: PL :: INFO :: ========== Starting Router Monitor Kiosk App ========== [main.py:78][0m
[38;21m2025-09-08 16:07:28,585:: PL :: INFO :: Control initialized successfully [overview.py:20][0m
[38;21m2025-09-08 16:07:28,588:: PL :: INFO :: Added overview screen to stack widget [main.py:51][0m
[38;21m2025-09-08 16:07:28,588:: PL :: INFO :: Switched to overview screen [main.py:62][0m
[38;21m2025-09-08 16:14:40,500:: PL :: INFO :: ========== Starting Router Monitor Kiosk App ========== [main.py:78][0m
[38;21m2025-09-08 16:14:40,544:: PL :: INFO :: Control initialized successfully [overview.py:20][0m
[38;21m2025-09-08 16:14:40,547:: PL :: INFO :: Added overview screen to stack widget [main.py:51][0m
[38;21m2025-09-08 16:14:40,547:: PL :: INFO :: Switched to overview screen [main.py:62][0m
[38;21m2025-09-08 16:19:21,290:: PL :: INFO :: ========== Starting Router Monitor Kiosk App ========== [main.py:78][0m
[38;21m2025-09-08 16:19:21,337:: PL :: INFO :: Control initialized successfully [overview.py:20][0m
[38;21m2025-09-08 16:19:21,342:: PL :: INFO :: Added overview screen to stack widget [main.py:51][0m
[38;21m2025-09-08 16:19:21,342:: PL :: INFO :: Switched to overview screen [main.py:62][0m
[38;21m2025-09-08 16:24:26,374:: PL :: INFO :: ========== Starting Router Monitor Kiosk App ========== [main.py:78][0m
[38;21m2025-09-08 16:24:26,419:: PL :: INFO :: Control initialized successfully [overview.py:20][0m
[38;21m2025-09-08 16:24:26,423:: PL :: INFO :: Added overview screen to stack widget [main.py:51][0m
[38;21m2025-09-08 16:24:26,423:: PL :: INFO :: Switched to overview screen [main.py:62][0m
[38;21m2025-09-08 16:26:09,417:: PL :: INFO :: ========== Starting Router Monitor Kiosk App ========== [main.py:78][0m
[38;21m2025-09-08 16:26:09,461:: PL :: INFO :: Control initialized successfully [overview.py:20][0m
[38;21m2025-09-08 16:26:09,464:: PL :: INFO :: Added overview screen to stack widget [main.py:51][0m
[38;21m2025-09-08 16:26:09,465:: PL :: INFO :: Switched to overview screen [main.py:62][0m
[38;21m2025-09-08 16:32:30,391:: PL :: INFO :: ========== Starting Router Monitor Kiosk App ========== [main.py:78][0m
[38;21m2025-09-08 16:32:30,435:: PL :: INFO :: Control initialized successfully [overview.py:20][0m
[38;21m2025-09-08 16:32:30,439:: PL :: INFO :: Added overview screen to stack widget [main.py:51][0m
[38;21m2025-09-08 16:32:30,439:: PL :: INFO :: Switched to overview screen [main.py:62][0m
[38;21m2025-09-08 16:34:22,558:: PL :: INFO :: ========== Starting Router Monitor Kiosk App ========== [main.py:78][0m
[38;21m2025-09-08 16:34:22,598:: PL :: INFO :: Control initialized successfully [overview.py:20][0m
[38;21m2025-09-08 16:34:22,603:: PL :: INFO :: Added overview screen to stack widget [main.py:51][0m
[38;21m2025-09-08 16:34:22,603:: PL :: INFO :: Switched to overview screen [main.py:62][0m
[38;21m2025-09-08 17:06:01,527:: PL :: INFO :: ========== Starting Router Monitor Kiosk App ========== [main.py:78][0m
[38;21m2025-09-08 17:06:01,569:: PL :: INFO :: Control initialized successfully [overview.py:20][0m
[38;21m2025-09-08 17:06:01,574:: PL :: INFO :: Added overview screen to stack widget [main.py:51][0m
[38;21m2025-09-08 17:06:01,574:: PL :: INFO :: Switched to overview screen [main.py:62][0m
[38;21m2025-09-08 17:27:19,477:: PL :: INFO :: ========== Starting Router Monitor Kiosk App ========== [main.py:78][0m
[38;21m2025-09-08 17:27:21,323:: PL :: INFO :: Control initialized successfully [overview.py:20][0m
[38;21m2025-09-08 17:27:21,330:: PL :: INFO :: Added overview screen to stack widget [main.py:51][0m
[38;21m2025-09-08 17:27:21,330:: PL :: INFO :: Switched to overview screen [main.py:62][0m
[38;21m2025-09-08 17:52:41,104:: PL :: INFO :: ========== Starting Router Monitor Kiosk App ========== [main.py:78][0m
[38;21m2025-09-08 17:52:41,221:: PL :: INFO :: Control initialized successfully [overview.py:20][0m
[38;21m2025-09-08 17:52:41,226:: PL :: INFO :: Added overview screen to stack widget [main.py:51][0m
[38;21m2025-09-08 17:52:41,227:: PL :: INFO :: Switched to overview screen [main.py:62][0m
[38;21m2025-09-08 17:53:39,522:: PL :: INFO :: ========== Starting Router Monitor Kiosk App ========== [main.py:78][0m
[38;21m2025-09-08 17:53:39,555:: PL :: INFO :: Control initialized successfully [overview.py:20][0m
[38;21m2025-09-08 17:53:39,560:: PL :: INFO :: Added overview screen to stack widget [main.py:51][0m
[31;21m2025-09-08 17:53:39,570:: PL :: ERROR :: !!!! Crashed! Exctype: <class 'AttributeError'>, Value: 'Ui_Main' object has no attribute 'btn_overview'
Traceback:
   File "E:\2_SamIssa\RFID\NexusRFID_Scan\NexusRFIDReader_Git\main.py", line 90, in <module>
    rm_form = RFIDReaderApp()
              ^^^^^^^^^^^^^^^
,  File "E:\2_SamIssa\RFID\NexusRFID_Scan\NexusRFIDReader_Git\main.py", line 36, in __init__
    self.switch_screen(INIT_SCREEN)
,  File "E:\2_SamIssa\RFID\NexusRFID_Scan\NexusRFIDReader_Git\main.py", line 61, in switch_screen
    getattr(self.ui, f"btn_{k}").setStyleSheet(sh)
    ^^^^^^^^^^^^^^^^^^^^^^^^^^^^
 [main.py:70][0m
[38;21m2025-09-08 17:54:03,683:: PL :: INFO :: ========== Starting Router Monitor Kiosk App ========== [main.py:78][0m
[38;21m2025-09-08 17:54:03,732:: PL :: INFO :: Control initialized successfully [overview.py:20][0m
[38;21m2025-09-08 17:54:03,737:: PL :: INFO :: Added overview screen to stack widget [main.py:51][0m
[38;21m2025-09-08 17:54:03,737:: PL :: INFO :: Switched to overview screen [main.py:62][0m
[38;21m2025-09-08 17:54:55,873:: PL :: INFO :: ========== Starting Router Monitor Kiosk App ========== [main.py:78][0m
[38;21m2025-09-08 17:54:55,910:: PL :: INFO :: Control initialized successfully [overview.py:20][0m
[38;21m2025-09-08 17:54:55,916:: PL :: INFO :: Added overview screen to stack widget [main.py:51][0m
[38;21m2025-09-08 17:54:55,916:: PL :: INFO :: Switched to overview screen [main.py:62][0m
[38;21m2025-09-08 17:56:14,145:: PL :: INFO :: ========== Starting Router Monitor Kiosk App ========== [main.py:78][0m
[38;21m2025-09-08 17:56:14,184:: PL :: INFO :: Control initialized successfully [overview.py:20][0m
[38;21m2025-09-08 17:56:14,189:: PL :: INFO :: Added overview screen to stack widget [main.py:51][0m
[38;21m2025-09-08 17:56:14,189:: PL :: INFO :: Switched to overview screen [main.py:62][0m
[38;21m2025-09-08 17:57:59,374:: PL :: INFO :: ========== Starting Router Monitor Kiosk App ========== [main.py:78][0m
[38;21m2025-09-08 17:57:59,410:: PL :: INFO :: Control initialized successfully [overview.py:20][0m
[38;21m2025-09-08 17:57:59,415:: PL :: INFO :: Added overview screen to stack widget [main.py:51][0m
[38;21m2025-09-08 17:57:59,415:: PL :: INFO :: Switched to overview screen [main.py:62][0m
[38;21m2025-09-08 17:59:33,794:: PL :: INFO :: ========== Starting Router Monitor Kiosk App ========== [main.py:78][0m
[38;21m2025-09-08 17:59:33,829:: PL :: INFO :: Control initialized successfully [overview.py:20][0m
[38;21m2025-09-08 17:59:33,834:: PL :: INFO :: Added overview screen to stack widget [main.py:51][0m
[38;21m2025-09-08 17:59:33,834:: PL :: INFO :: Switched to overview screen [main.py:62][0m
[38;21m2025-09-08 18:01:30,282:: PL :: INFO :: ========== Starting Router Monitor Kiosk App ========== [main.py:78][0m
[38;21m2025-09-08 18:01:30,319:: PL :: INFO :: Control initialized successfully [overview.py:20][0m
[38;21m2025-09-08 18:01:30,324:: PL :: INFO :: Added overview screen to stack widget [main.py:51][0m
[38;21m2025-09-08 18:01:30,324:: PL :: INFO :: Switched to overview screen [main.py:62][0m
[38;21m2025-09-08 18:04:03,622:: PL :: INFO :: ========== Starting Router Monitor Kiosk App ========== [main.py:78][0m
[38;21m2025-09-08 18:04:03,680:: PL :: INFO :: Control initialized successfully [overview.py:20][0m
[38;21m2025-09-08 18:04:03,687:: PL :: INFO :: Added overview screen to stack widget [main.py:51][0m
[38;21m2025-09-08 18:04:03,687:: PL :: INFO :: Switched to overview screen [main.py:62][0m
[38;21m2025-09-08 18:07:30,699:: PL :: INFO :: ========== Starting Router Monitor Kiosk App ========== [main.py:78][0m
[38;21m2025-09-08 18:07:30,737:: PL :: INFO :: Control initialized successfully [overview.py:20][0m
[38;21m2025-09-08 18:07:30,742:: PL :: INFO :: Added overview screen to stack widget [main.py:51][0m
[38;21m2025-09-08 18:07:30,742:: PL :: INFO :: Switched to overview screen [main.py:62][0m
[38;21m2025-09-08 18:09:51,629:: PL :: INFO :: ========== Starting Router Monitor Kiosk App ========== [main.py:78][0m
[38;21m2025-09-08 18:09:51,668:: PL :: INFO :: Control initialized successfully [overview.py:20][0m
[38;21m2025-09-08 18:09:51,673:: PL :: INFO :: Added overview screen to stack widget [main.py:51][0m
[38;21m2025-09-08 18:09:51,673:: PL :: INFO :: Switched to overview screen [main.py:62][0m
[38;21m2025-09-08 18:12:27,021:: PL :: INFO :: ========== Starting Router Monitor Kiosk App ========== [main.py:78][0m
[38;21m2025-09-08 18:12:27,058:: PL :: INFO :: Control initialized successfully [overview.py:20][0m
[38;21m2025-09-08 18:12:27,063:: PL :: INFO :: Added overview screen to stack widget [main.py:51][0m
[38;21m2025-09-08 18:12:27,063:: PL :: INFO :: Switched to overview screen [main.py:62][0m
[38;21m2025-09-08 18:15:03,142:: PL :: INFO :: ========== Starting Router Monitor Kiosk App ========== [main.py:78][0m
[38;21m2025-09-08 18:15:03,182:: PL :: INFO :: Control initialized successfully [overview.py:20][0m
[38;21m2025-09-08 18:15:03,187:: PL :: INFO :: Added overview screen to stack widget [main.py:51][0m
[38;21m2025-09-08 18:15:03,187:: PL :: INFO :: Switched to overview screen [main.py:62][0m
[38;21m2025-09-08 18:17:45,701:: PL :: INFO :: ========== Starting Router Monitor Kiosk App ========== [main.py:78][0m
[38;21m2025-09-08 18:17:45,742:: PL :: INFO :: Control initialized successfully [overview.py:20][0m
[38;21m2025-09-08 18:17:45,748:: PL :: INFO :: Added overview screen to stack widget [main.py:51][0m
[38;21m2025-09-08 18:17:45,748:: PL :: INFO :: Switched to overview screen [main.py:62][0m
[38;21m2025-09-08 18:19:20,859:: PL :: INFO :: ========== Starting Router Monitor Kiosk App ========== [main.py:78][0m
[38;21m2025-09-08 18:19:20,896:: PL :: INFO :: Control initialized successfully [overview.py:20][0m
[38;21m2025-09-08 18:19:20,902:: PL :: INFO :: Added overview screen to stack widget [main.py:51][0m
[38;21m2025-09-08 18:19:20,902:: PL :: INFO :: Switched to overview screen [main.py:62][0m
[38;21m2025-09-08 18:28:06,717:: PL :: INFO :: ========== Starting Router Monitor Kiosk App ========== [main.py:78][0m
[38;21m2025-09-08 18:28:06,758:: PL :: INFO :: Control initialized successfully [overview.py:20][0m
[38;21m2025-09-08 18:28:06,763:: PL :: INFO :: Added overview screen to stack widget [main.py:51][0m
[38;21m2025-09-08 18:28:06,763:: PL :: INFO :: Switched to overview screen [main.py:62][0m
[38;21m2025-09-08 18:28:42,456:: PL :: INFO :: ========== Starting Router Monitor Kiosk App ========== [main.py:78][0m
[38;21m2025-09-08 18:28:42,500:: PL :: INFO :: Control initialized successfully [overview.py:20][0m
[38;21m2025-09-08 18:28:42,506:: PL :: INFO :: Added overview screen to stack widget [main.py:51][0m
[38;21m2025-09-08 18:28:42,506:: PL :: INFO :: Switched to overview screen [main.py:62][0m
[38;21m2025-09-08 18:31:51,104:: PL :: INFO :: ========== Starting Router Monitor Kiosk App ========== [main.py:78][0m
[38;21m2025-09-08 18:31:51,140:: PL :: INFO :: Control initialized successfully [overview.py:20][0m
[38;21m2025-09-08 18:31:51,146:: PL :: INFO :: Added overview screen to stack widget [main.py:51][0m
[38;21m2025-09-08 18:31:51,146:: PL :: INFO :: Switched to overview screen [main.py:62][0m
[38;21m2025-09-08 18:32:40,495:: PL :: INFO :: ========== Starting Router Monitor Kiosk App ========== [main.py:78][0m
[38;21m2025-09-08 18:32:40,533:: PL :: INFO :: Control initialized successfully [overview.py:20][0m
[38;21m2025-09-08 18:32:40,538:: PL :: INFO :: Added overview screen to stack widget [main.py:51][0m
[38;21m2025-09-08 18:32:40,538:: PL :: INFO :: Switched to overview screen [main.py:62][0m
[38;21m2025-09-09 10:35:03,886:: PL :: INFO :: ========== Starting Router Monitor Kiosk App ========== [main.py:78][0m
[38;21m2025-09-09 10:35:05,895:: PL :: INFO :: Control initialized successfully [overview.py:20][0m
[38;21m2025-09-09 10:35:05,900:: PL :: INFO :: Added overview screen to stack widget [main.py:51][0m
[38;21m2025-09-09 10:35:05,900:: PL :: INFO :: Switched to overview screen [main.py:62][0m
